2014.02.04 00:42 B D:\DataAll\DataCegep\Session_XX9_TravailleDeSyntheseFin\TP1_Partie_2_Application_Pour_ornitologues\LApp_001\js\agAccel.js --> ftp.oricom.ca /lapp_001/js agAccel.js
2014.02.04 00:42 B D:\DataAll\DataCegep\Session_XX9_TravailleDeSyntheseFin\TP1_Partie_2_Application_Pour_ornitologues\LApp_001\js\agDocCoord.js --> ftp.oricom.ca /lapp_001/js agDocCoord.js
2014.02.04 00:42 B D:\DataAll\DataCegep\Session_XX9_TravailleDeSyntheseFin\TP1_Partie_2_Application_Pour_ornitologues\LApp_001\js\agFichie.js --> ftp.oricom.ca /lapp_001/js agFichie.js
2014.02.04 00:42 B D:\DataAll\DataCegep\Session_XX9_TravailleDeSyntheseFin\TP1_Partie_2_Application_Pour_ornitologues\LApp_001\js\agGps.js --> ftp.oricom.ca /lapp_001/js agGps.js
2014.02.04 00:42 B D:\DataAll\DataCegep\Session_XX9_TravailleDeSyntheseFin\TP1_Partie_2_Application_Pour_ornitologues\LApp_001\js\agListViewObserv.js --> ftp.oricom.ca /lapp_001/js agListViewObserv.js
2014.02.04 00:42 B D:\DataAll\DataCegep\Session_XX9_TravailleDeSyntheseFin\TP1_Partie_2_Application_Pour_ornitologues\LApp_001\js\agOnOffLine.js --> ftp.oricom.ca /lapp_001/js agOnOffLine.js
2014.02.04 00:42 B D:\DataAll\DataCegep\Session_XX9_TravailleDeSyntheseFin\TP1_Partie_2_Application_Pour_ornitologues\LApp_001\js\agPhoto.js --> ftp.oricom.ca /lapp_001/js agPhoto.js
2014.02.04 00:42 B D:\DataAll\DataCegep\Session_XX9_TravailleDeSyntheseFin\TP1_Partie_2_Application_Pour_ornitologues\LApp_001\js\agTakePic.js --> ftp.oricom.ca /lapp_001/js agTakePic.js
2014.02.04 00:42 B D:\DataAll\DataCegep\Session_XX9_TravailleDeSyntheseFin\TP1_Partie_2_Application_Pour_ornitologues\LApp_001\js\agUneObserv.js --> ftp.oricom.ca /lapp_001/js agUneObserv.js
2014.02.04 00:42 B D:\DataAll\DataCegep\Session_XX9_TravailleDeSyntheseFin\TP1_Partie_2_Application_Pour_ornitologues\LApp_001\js\agUpload.js --> ftp.oricom.ca /lapp_001/js agUpload.js
2014.02.04 00:42 B D:\DataAll\DataCegep\Session_XX9_TravailleDeSyntheseFin\TP1_Partie_2_Application_Pour_ornitologues\LApp_001\js\all.js --> ftp.oricom.ca /lapp_001/js all.js
2014.02.04 00:42 B D:\DataAll\DataCegep\Session_XX9_TravailleDeSyntheseFin\TP1_Partie_2_Application_Pour_ornitologues\LApp_001\js\helper.js --> ftp.oricom.ca /lapp_001/js helper.js
2014.02.04 00:42 B D:\DataAll\DataCegep\Session_XX9_TravailleDeSyntheseFin\TP1_Partie_2_Application_Pour_ornitologues\LApp_001\js\main.js --> ftp.oricom.ca /lapp_001/js main.js
2014.02.04 00:42 B D:\DataAll\DataCegep\Session_XX9_TravailleDeSyntheseFin\TP1_Partie_2_Application_Pour_ornitologues\LApp_001\js\Mz.js --> ftp.oricom.ca /lapp_001/js Mz.js
2014.02.04 00:45 B D:\DataAll\DataCegep\Session_XX9_TravailleDeSyntheseFin\TP1_Partie_2_Application_Pour_ornitologues\LApp_001\js\agAccel.js --> ftp.oricom.ca /lapp_001/js agAccel.js
2014.02.04 00:45 B D:\DataAll\DataCegep\Session_XX9_TravailleDeSyntheseFin\TP1_Partie_2_Application_Pour_ornitologues\LApp_001\js\agDocCoord.js --> ftp.oricom.ca /lapp_001/js agDocCoord.js
2014.02.04 00:45 B D:\DataAll\DataCegep\Session_XX9_TravailleDeSyntheseFin\TP1_Partie_2_Application_Pour_ornitologues\LApp_001\js\agFichie.js --> ftp.oricom.ca /lapp_001/js agFichie.js
2014.02.04 00:45 B D:\DataAll\DataCegep\Session_XX9_TravailleDeSyntheseFin\TP1_Partie_2_Application_Pour_ornitologues\LApp_001\js\agGps.js --> ftp.oricom.ca /lapp_001/js agGps.js
2014.02.04 00:45 B D:\DataAll\DataCegep\Session_XX9_TravailleDeSyntheseFin\TP1_Partie_2_Application_Pour_ornitologues\LApp_001\js\agListViewObserv.js --> ftp.oricom.ca /lapp_001/js agListViewObserv.js
2014.02.04 00:45 B D:\DataAll\DataCegep\Session_XX9_TravailleDeSyntheseFin\TP1_Partie_2_Application_Pour_ornitologues\LApp_001\js\agOnOffLine.js --> ftp.oricom.ca /lapp_001/js agOnOffLine.js
2014.02.04 00:45 B D:\DataAll\DataCegep\Session_XX9_TravailleDeSyntheseFin\TP1_Partie_2_Application_Pour_ornitologues\LApp_001\js\agPhoto.js --> ftp.oricom.ca /lapp_001/js agPhoto.js
2014.02.04 00:45 B D:\DataAll\DataCegep\Session_XX9_TravailleDeSyntheseFin\TP1_Partie_2_Application_Pour_ornitologues\LApp_001\js\agTakePic.js --> ftp.oricom.ca /lapp_001/js agTakePic.js
2014.02.04 00:45 B D:\DataAll\DataCegep\Session_XX9_TravailleDeSyntheseFin\TP1_Partie_2_Application_Pour_ornitologues\LApp_001\js\agUneObserv.js --> ftp.oricom.ca /lapp_001/js agUneObserv.js
2014.02.04 00:45 B D:\DataAll\DataCegep\Session_XX9_TravailleDeSyntheseFin\TP1_Partie_2_Application_Pour_ornitologues\LApp_001\js\agUpload.js --> ftp.oricom.ca /lapp_001/js agUpload.js
2014.02.04 00:45 B D:\DataAll\DataCegep\Session_XX9_TravailleDeSyntheseFin\TP1_Partie_2_Application_Pour_ornitologues\LApp_001\js\all.js --> ftp.oricom.ca /lapp_001/js all.js
2014.02.04 00:45 B D:\DataAll\DataCegep\Session_XX9_TravailleDeSyntheseFin\TP1_Partie_2_Application_Pour_ornitologues\LApp_001\js\helper.js --> ftp.oricom.ca /lapp_001/js helper.js
2014.02.04 00:45 B D:\DataAll\DataCegep\Session_XX9_TravailleDeSyntheseFin\TP1_Partie_2_Application_Pour_ornitologues\LApp_001\js\main.js --> ftp.oricom.ca /lapp_001/js main.js
2014.02.04 00:45 B D:\DataAll\DataCegep\Session_XX9_TravailleDeSyntheseFin\TP1_Partie_2_Application_Pour_ornitologues\LApp_001\js\Mz.js --> ftp.oricom.ca /lapp_001/js Mz.js
2014.02.04 00:45 B D:\DataAll\DataCegep\Session_XX9_TravailleDeSyntheseFin\TP1_Partie_2_Application_Pour_ornitologues\LApp_001\js\WS_FTP.LOG --> ftp.oricom.ca /lapp_001/js WS_FTP.LOG
2014.02.04 00:47 B D:\DataAll\DataCegep\Session_XX9_TravailleDeSyntheseFin\TP1_Partie_2_Application_Pour_ornitologues\LApp_001\js\agAccel.js --> ftp.oricom.ca /lapp_001/js agAccel.js
2014.02.04 00:47 B D:\DataAll\DataCegep\Session_XX9_TravailleDeSyntheseFin\TP1_Partie_2_Application_Pour_ornitologues\LApp_001\js\agDocCoord.js --> ftp.oricom.ca /lapp_001/js agDocCoord.js
2014.02.04 00:47 B D:\DataAll\DataCegep\Session_XX9_TravailleDeSyntheseFin\TP1_Partie_2_Application_Pour_ornitologues\LApp_001\js\agFichie.js --> ftp.oricom.ca /lapp_001/js agFichie.js
2014.02.04 00:48 B D:\DataAll\DataCegep\Session_XX9_TravailleDeSyntheseFin\TP1_Partie_2_Application_Pour_ornitologues\LApp_001\js\agGps.js --> ftp.oricom.ca /lapp_001/js agGps.js
2014.02.04 00:48 B D:\DataAll\DataCegep\Session_XX9_TravailleDeSyntheseFin\TP1_Partie_2_Application_Pour_ornitologues\LApp_001\js\agListViewObserv.js --> ftp.oricom.ca /lapp_001/js agListViewObserv.js
2014.02.04 00:48 B D:\DataAll\DataCegep\Session_XX9_TravailleDeSyntheseFin\TP1_Partie_2_Application_Pour_ornitologues\LApp_001\js\agOnOffLine.js --> ftp.oricom.ca /lapp_001/js agOnOffLine.js
2014.02.04 00:48 B D:\DataAll\DataCegep\Session_XX9_TravailleDeSyntheseFin\TP1_Partie_2_Application_Pour_ornitologues\LApp_001\js\agPhoto.js --> ftp.oricom.ca /lapp_001/js agPhoto.js
2014.02.04 00:48 B D:\DataAll\DataCegep\Session_XX9_TravailleDeSyntheseFin\TP1_Partie_2_Application_Pour_ornitologues\LApp_001\js\agTakePic.js --> ftp.oricom.ca /lapp_001/js agTakePic.js
2014.02.04 00:48 B D:\DataAll\DataCegep\Session_XX9_TravailleDeSyntheseFin\TP1_Partie_2_Application_Pour_ornitologues\LApp_001\js\agUneObserv.js --> ftp.oricom.ca /lapp_001/js agUneObserv.js
2014.02.04 00:48 B D:\DataAll\DataCegep\Session_XX9_TravailleDeSyntheseFin\TP1_Partie_2_Application_Pour_ornitologues\LApp_001\js\agUpload.js --> ftp.oricom.ca /lapp_001/js agUpload.js
2014.02.04 00:48 B D:\DataAll\DataCegep\Session_XX9_TravailleDeSyntheseFin\TP1_Partie_2_Application_Pour_ornitologues\LApp_001\js\all.js --> ftp.oricom.ca /lapp_001/js all.js
2014.02.04 00:48 B D:\DataAll\DataCegep\Session_XX9_TravailleDeSyntheseFin\TP1_Partie_2_Application_Pour_ornitologues\LApp_001\js\helper.js --> ftp.oricom.ca /lapp_001/js helper.js
2014.02.04 00:48 B D:\DataAll\DataCegep\Session_XX9_TravailleDeSyntheseFin\TP1_Partie_2_Application_Pour_ornitologues\LApp_001\js\main.js --> ftp.oricom.ca /lapp_001/js main.js
2014.02.04 00:48 B D:\DataAll\DataCegep\Session_XX9_TravailleDeSyntheseFin\TP1_Partie_2_Application_Pour_ornitologues\LApp_001\js\Mz.js --> ftp.oricom.ca /lapp_001/js Mz.js
2014.02.04 00:48 B D:\DataAll\DataCegep\Session_XX9_TravailleDeSyntheseFin\TP1_Partie_2_Application_Pour_ornitologues\LApp_001\js\WS_FTP.LOG --> ftp.oricom.ca /lapp_001/js WS_FTP.LOG
2014.02.11 22:28 B C:\Users\Alain\Documents\GitHub\projet_synthese\client_synthese\js\agAccel.js --> ftp.oricom.ca /lapp_001/js agAccel.js
2014.02.11 22:28 B C:\Users\Alain\Documents\GitHub\projet_synthese\client_synthese\js\agDocCoord.js --> ftp.oricom.ca /lapp_001/js agDocCoord.js
2014.02.11 22:28 B C:\Users\Alain\Documents\GitHub\projet_synthese\client_synthese\js\agFichie.js --> ftp.oricom.ca /lapp_001/js agFichie.js
2014.02.11 22:28 B C:\Users\Alain\Documents\GitHub\projet_synthese\client_synthese\js\agGps.js --> ftp.oricom.ca /lapp_001/js agGps.js
2014.02.11 22:28 B C:\Users\Alain\Documents\GitHub\projet_synthese\client_synthese\js\agListViewObserv.js --> ftp.oricom.ca /lapp_001/js agListViewObserv.js
2014.02.11 22:28 B C:\Users\Alain\Documents\GitHub\projet_synthese\client_synthese\js\agOnOffLine.js --> ftp.oricom.ca /lapp_001/js agOnOffLine.js
2014.02.11 22:28 B C:\Users\Alain\Documents\GitHub\projet_synthese\client_synthese\js\agPhoto.js --> ftp.oricom.ca /lapp_001/js agPhoto.js
2014.02.11 22:28 B C:\Users\Alain\Documents\GitHub\projet_synthese\client_synthese\js\agTakePic.js --> ftp.oricom.ca /lapp_001/js agTakePic.js
2014.02.11 22:28 B C:\Users\Alain\Documents\GitHub\projet_synthese\client_synthese\js\agUneObserv.js --> ftp.oricom.ca /lapp_001/js agUneObserv.js
2014.02.11 22:28 B C:\Users\Alain\Documents\GitHub\projet_synthese\client_synthese\js\agUpload.js --> ftp.oricom.ca /lapp_001/js agUpload.js
2014.02.11 22:28 B C:\Users\Alain\Documents\GitHub\projet_synthese\client_synthese\js\all.js --> ftp.oricom.ca /lapp_001/js all.js
2014.02.11 22:28 B C:\Users\Alain\Documents\GitHub\projet_synthese\client_synthese\js\helper.js --> ftp.oricom.ca /lapp_001/js helper.js
2014.02.11 22:28 B C:\Users\Alain\Documents\GitHub\projet_synthese\client_synthese\js\main.js --> ftp.oricom.ca /lapp_001/js main.js
2014.02.11 22:28 B C:\Users\Alain\Documents\GitHub\projet_synthese\client_synthese\js\Mz.js --> ftp.oricom.ca /lapp_001/js Mz.js
2014.02.11 22:28 B C:\Users\Alain\Documents\GitHub\projet_synthese\client_synthese\js\WS_FTP.LOG --> ftp.oricom.ca /lapp_001/js WS_FTP.LOG
