2014.02.04 00:41 B D:\DataAll\DataCegep\Session_XX9_TravailleDeSyntheseFin\TP1_Partie_2_Application_Pour_ornitologues\LApp_001\img\1024x768_ipad_lan.png --> ftp.oricom.ca /lapp_001/img 1024x768_ipad_lan.png
2014.02.04 00:41 B D:\DataAll\DataCegep\Session_XX9_TravailleDeSyntheseFin\TP1_Partie_2_Application_Pour_ornitologues\LApp_001\img\114x114_smile.png --> ftp.oricom.ca /lapp_001/img 114x114_smile.png
2014.02.04 00:41 B D:\DataAll\DataCegep\Session_XX9_TravailleDeSyntheseFin\TP1_Partie_2_Application_Pour_ornitologues\LApp_001\img\144x144_bird.png --> ftp.oricom.ca /lapp_001/img 144x144_bird.png
2014.02.04 00:42 B D:\DataAll\DataCegep\Session_XX9_TravailleDeSyntheseFin\TP1_Partie_2_Application_Pour_ornitologues\LApp_001\img\2048x1496_32.png --> ftp.oricom.ca /lapp_001/img 2048x1496_32.png
2014.02.04 00:42 B D:\DataAll\DataCegep\Session_XX9_TravailleDeSyntheseFin\TP1_Partie_2_Application_Pour_ornitologues\LApp_001\img\72x72_frog.png --> ftp.oricom.ca /lapp_001/img 72x72_frog.png
2014.02.04 00:42 B D:\DataAll\DataCegep\Session_XX9_TravailleDeSyntheseFin\TP1_Partie_2_Application_Pour_ornitologues\LApp_001\img\768x1004_blabla.png --> ftp.oricom.ca /lapp_001/img 768x1004_blabla.png
2014.02.04 00:42 B D:\DataAll\DataCegep\Session_XX9_TravailleDeSyntheseFin\TP1_Partie_2_Application_Pour_ornitologues\LApp_001\img\Aucune.png --> ftp.oricom.ca /lapp_001/img Aucune.png
2014.02.04 00:42 B D:\DataAll\DataCegep\Session_XX9_TravailleDeSyntheseFin\TP1_Partie_2_Application_Pour_ornitologues\LApp_001\img\new_logo.gif --> ftp.oricom.ca /lapp_001/img new_logo.gif
2014.02.04 00:44 B D:\DataAll\DataCegep\Session_XX9_TravailleDeSyntheseFin\TP1_Partie_2_Application_Pour_ornitologues\LApp_001\img\1024x768_ipad_lan.png --> ftp.oricom.ca /lapp_001/img 1024x768_ipad_lan.png
2014.02.04 00:44 B D:\DataAll\DataCegep\Session_XX9_TravailleDeSyntheseFin\TP1_Partie_2_Application_Pour_ornitologues\LApp_001\img\114x114_smile.png --> ftp.oricom.ca /lapp_001/img 114x114_smile.png
2014.02.04 00:44 B D:\DataAll\DataCegep\Session_XX9_TravailleDeSyntheseFin\TP1_Partie_2_Application_Pour_ornitologues\LApp_001\img\144x144_bird.png --> ftp.oricom.ca /lapp_001/img 144x144_bird.png
2014.02.04 00:45 B D:\DataAll\DataCegep\Session_XX9_TravailleDeSyntheseFin\TP1_Partie_2_Application_Pour_ornitologues\LApp_001\img\2048x1496_32.png --> ftp.oricom.ca /lapp_001/img 2048x1496_32.png
2014.02.04 00:45 B D:\DataAll\DataCegep\Session_XX9_TravailleDeSyntheseFin\TP1_Partie_2_Application_Pour_ornitologues\LApp_001\img\72x72_frog.png --> ftp.oricom.ca /lapp_001/img 72x72_frog.png
2014.02.04 00:45 B D:\DataAll\DataCegep\Session_XX9_TravailleDeSyntheseFin\TP1_Partie_2_Application_Pour_ornitologues\LApp_001\img\768x1004_blabla.png --> ftp.oricom.ca /lapp_001/img 768x1004_blabla.png
2014.02.04 00:45 B D:\DataAll\DataCegep\Session_XX9_TravailleDeSyntheseFin\TP1_Partie_2_Application_Pour_ornitologues\LApp_001\img\Aucune.png --> ftp.oricom.ca /lapp_001/img Aucune.png
2014.02.04 00:45 B D:\DataAll\DataCegep\Session_XX9_TravailleDeSyntheseFin\TP1_Partie_2_Application_Pour_ornitologues\LApp_001\img\new_logo.gif --> ftp.oricom.ca /lapp_001/img new_logo.gif
2014.02.04 00:45 B D:\DataAll\DataCegep\Session_XX9_TravailleDeSyntheseFin\TP1_Partie_2_Application_Pour_ornitologues\LApp_001\img\WS_FTP.LOG --> ftp.oricom.ca /lapp_001/img WS_FTP.LOG
2014.02.04 00:47 B D:\DataAll\DataCegep\Session_XX9_TravailleDeSyntheseFin\TP1_Partie_2_Application_Pour_ornitologues\LApp_001\img\1024x768_ipad_lan.png --> ftp.oricom.ca /lapp_001/img 1024x768_ipad_lan.png
2014.02.04 00:47 B D:\DataAll\DataCegep\Session_XX9_TravailleDeSyntheseFin\TP1_Partie_2_Application_Pour_ornitologues\LApp_001\img\114x114_smile.png --> ftp.oricom.ca /lapp_001/img 114x114_smile.png
2014.02.04 00:47 B D:\DataAll\DataCegep\Session_XX9_TravailleDeSyntheseFin\TP1_Partie_2_Application_Pour_ornitologues\LApp_001\img\144x144_bird.png --> ftp.oricom.ca /lapp_001/img 144x144_bird.png
2014.02.04 00:47 B D:\DataAll\DataCegep\Session_XX9_TravailleDeSyntheseFin\TP1_Partie_2_Application_Pour_ornitologues\LApp_001\img\2048x1496_32.png --> ftp.oricom.ca /lapp_001/img 2048x1496_32.png
2014.02.04 00:47 B D:\DataAll\DataCegep\Session_XX9_TravailleDeSyntheseFin\TP1_Partie_2_Application_Pour_ornitologues\LApp_001\img\72x72_frog.png --> ftp.oricom.ca /lapp_001/img 72x72_frog.png
2014.02.04 00:47 B D:\DataAll\DataCegep\Session_XX9_TravailleDeSyntheseFin\TP1_Partie_2_Application_Pour_ornitologues\LApp_001\img\768x1004_blabla.png --> ftp.oricom.ca /lapp_001/img 768x1004_blabla.png
2014.02.04 00:47 B D:\DataAll\DataCegep\Session_XX9_TravailleDeSyntheseFin\TP1_Partie_2_Application_Pour_ornitologues\LApp_001\img\Aucune.png --> ftp.oricom.ca /lapp_001/img Aucune.png
2014.02.04 00:47 B D:\DataAll\DataCegep\Session_XX9_TravailleDeSyntheseFin\TP1_Partie_2_Application_Pour_ornitologues\LApp_001\img\new_logo.gif --> ftp.oricom.ca /lapp_001/img new_logo.gif
2014.02.04 00:47 B D:\DataAll\DataCegep\Session_XX9_TravailleDeSyntheseFin\TP1_Partie_2_Application_Pour_ornitologues\LApp_001\img\WS_FTP.LOG --> ftp.oricom.ca /lapp_001/img WS_FTP.LOG
2014.02.11 22:28 B C:\Users\Alain\Documents\GitHub\projet_synthese\client_synthese\img\1024x768_ipad_lan.png --> ftp.oricom.ca /lapp_001/img 1024x768_ipad_lan.png
2014.02.11 22:28 B C:\Users\Alain\Documents\GitHub\projet_synthese\client_synthese\img\114x114_smile.png --> ftp.oricom.ca /lapp_001/img 114x114_smile.png
2014.02.11 22:28 B C:\Users\Alain\Documents\GitHub\projet_synthese\client_synthese\img\144x144_bird.png --> ftp.oricom.ca /lapp_001/img 144x144_bird.png
2014.02.11 22:28 B C:\Users\Alain\Documents\GitHub\projet_synthese\client_synthese\img\2048x1496_32.png --> ftp.oricom.ca /lapp_001/img 2048x1496_32.png
2014.02.11 22:28 B C:\Users\Alain\Documents\GitHub\projet_synthese\client_synthese\img\72x72_frog.png --> ftp.oricom.ca /lapp_001/img 72x72_frog.png
2014.02.11 22:28 B C:\Users\Alain\Documents\GitHub\projet_synthese\client_synthese\img\768x1004_blabla.png --> ftp.oricom.ca /lapp_001/img 768x1004_blabla.png
2014.02.11 22:28 B C:\Users\Alain\Documents\GitHub\projet_synthese\client_synthese\img\Aucune.png --> ftp.oricom.ca /lapp_001/img Aucune.png
2014.02.11 22:28 B C:\Users\Alain\Documents\GitHub\projet_synthese\client_synthese\img\new_logo.gif --> ftp.oricom.ca /lapp_001/img new_logo.gif
2014.02.11 22:28 B C:\Users\Alain\Documents\GitHub\projet_synthese\client_synthese\img\WS_FTP.LOG --> ftp.oricom.ca /lapp_001/img WS_FTP.LOG
